3221164844
3221164764
9666220
9666496
9667224
9666296
9667312
9666304
9667556
9666368
9667336
9667404
9666432
9667496
9667620
9666080
9552308
9552320
9667652
9667196
3221164728
9665664
9668180
3221164868
3221164928
3221164992
3221165056
9645332
9645268
9665760
9645228
3221165124
3221165184
9668144
9668000
9667948
3221163752
3221163612
3221163580
3221169355
3221169444
3221169475
3221169590
3221169601
3221169680
3221169732
9643416
3221169797
3221170248
3221170405
3221170493
3221170510
3221170629
3221170699
3221170799
3221170950
3221171029
3221171137
3221171222
3221171286
3221171355
3221171448
3221171471
3221171545
3221171908
3221163704
9646603
9666136
9668564
9668228
9668948
9668804
9668868
9668668
9666560
9668672
3221163960
9668796
3221163971
134508596
134508628
9668036
134508688
134508756
134508820
9553336
134541332
9668288
9668540
134541380
134541444
9668380
9668436
134541508
134513000
9669308
9669564
9669348
9669412
3086282796
3221163788
3086282824
3086282900
3086284200
9669040
3086284224
9669132
3221164068
9669076
3086283112
9669568
3221164116
3086283872
3221163488
9665980
9665984
3221163452
9648226
9669648
9669700
9644480
9669760
9647276
900812820
900812867
3221163896
9551916
9552084
9667804
134508905
3221163272
3221163244
3221163196
3221162608
3221162556
3221162628
3221162416
3221162432
3221162340
3221162248
3221162200
899911680
899927008
899942372
899985463
899950052
899999725
899953892
900007085
899951972
900003271
899952932
900005349
899952452
900004193
899952212
900003713
899952332
900003870
899952260
900003783
3221162696
3221162760
3221162824
3221162168
3221162104
900813260
900812932
900813516
900813364
900813244
3221162880
128241152
128237668
900812992
128237700
128237764
900813076
900813132
128237828
900813420
900813456
128172244
134509090
128174461
128174464
3221163020
900813924
900813588
900814180
900813964
900814028
3221162016
900814128
3221161952
3221162956
899303804
899303808
899303872
899303936
899304000
899304064
899304128
899304192
899304256
899304320
899304384
899304448
899304512
899304576
899304640
899304704
899304768
899304832
899304896
899304960
899305024
899305088
899305152
899305216
899305280
899305344
899305408
899300764
900813656
900813704
899300804
899300868
899300932
900813796
900813840
897892756
3221163100
3221163328
900814208
897965281
9553344
9667720
900814276
3221164656
134515648
897969984
897970048
897970112
897970184
897970256
897970308
897970372
897970436
897970508
897970564
134509758
897965477
134509760
897965431
897965361
134515712
900814412
900814396
3086283152
900814468
128174668
128174720
128174528
900814588
900814592
897970680
897970688
9553464
9553472
9553536
9553600
897965504
900814972
900814976
900814660
900814724
900814788
900814852
900815044
900815108
899823296
899823360
899823424
899823488
899823552
899823616
899823680
899823744
899823808
899823872
899823936
899824000
899824064
899824128
899824192
899824256
899824320
899824384
134509848
899293696
897970752
897970816
899293760
897970880
897970944
899293824
899293888
897971008
897971072
899293952
897971136
899294048
897971200
899294080
897971264
897971328
899294144
897971392
897971456
899294208
897971520
897971584
899294272
897971648
897971712
899294336
897971776
897971840
899294400
897971904
897971968
899294464
897972032
897972096
899294528
897972160
897972224
899294596
897972288
899294656
897972352
897972416
899294884
897972480
899294912
897972544
897972608
899294976
897972672
899295172
897972736
899295308
899295380
897972800
899295424
899295488
897972864
899295552
897972928
899295616
899295680
897972992
897973056
899295744
897973120
897973184
899295808
897973248
897973312
899295872
897973376
897973440
899295936
897973504
899296000
897973568
897973632
899296064
897973696
897973760
899296128
897973824
899296192
897973888
899296256
897973952
899296320
897974016
897974080
899296384
897974144
899296448
899296512
899296588
897974208
897974272
899296640
897974336
899296704
897974400
897974464
899296796
897974528
899296832
897974592
899296896
897974656
899296960
897974720
899297024
897974784
897974848
899297088
897974912
897974976
899297176
899297220
897975040
899297284
897975104
897975168
899297344
897975232
897975296
899297408
897975360
897975424
899297472
897975488
897975552
899297536
897975616
897975680
899297600
897975744
897975808
899297664
897975872
899297728
897975936
899297792
897976000
899297856
897976064
899297920
897976128
899297988
899298052
897976192
899298116
897976256
897976320
899298176
899298308
897976384
899298368
897976448
897976512
899298432
897976576
899298496
897976640
897976704
899298568
897976768
897976832
899298624
897976896
899298688
897976960
899298760
897977024
897977088
899298816
897977152
899298880
897977216
897977280
899298952
897977344
897977408
899299008
897977472
899299072
897977536
897977600
899299144
897977664
897977728
899299200
897977792
899299264
897977856
897977920
899299336
897977984
899299392
897978048
899299464
897978112
897978176
899299520
897978240
899299584
897978304
897978368
899299656
897978432
897978496
899299712
897978560
899299776
897978624
897978688
899299848
897978752
899299904
897978816
897978880
899299968
897978944
899300040
897979008
897979072
899300096
897979136
899300160
897979200
897979264
899300232
897979328
897979392
899300288
897979456
899300396
899300460
899300492
897979520
899300556
899300620
897979584
899300672
897979648
897979712
897979776
899301212
899301316
899301760
897979840
899301824
899301888
897979904
899301952
897979968
899302016
897980032
899302080
899302144
897980096
897980160
899302208
899302272
897980224
897980288
899302336
897980352
897980416
899302400
897980480
899302504
899302580
899302664
899302740
897980544
899302824
899302900
899303096
899303288
899303480
899303592
897980608
899303688
897966316
897914132
897962879
897962880
134513044
128172288
897893600
897895576
897900412
897900416
9644720
897980676
897968518
897931748
897957946
897957952
134513116
897893024
897897620
897904816
897907764
9644752
899301012
9644836
899301176
897980740
899301248
897968076
897928212
897944291
897894456
897897204
897903936
897966110
897912484
897944614
897894352
897895400
897900004
897967880
897926644
897944761
897944768
128172460
897893372
897897028
897903544
897969636
897940692
897945311
897894228
897898552
897907056
897980804
897968042
897927940
897927928
897949009
897894768
897903868
897966988
897919508
897946230
897946240
897893876
897896216
897901756
897901760
899301056
897969052
897936020
897946591
897898064
897905888
897965936
897911092
897946708
897895196
897899656
897966070
897912164
897946768
897894060
897895356
897899920
897969134
897936676
897947208
897894092
897898136
897906044
897906048
897912228
897947491
897893304
897969404
897938836
897947520
128172376
897893076
897898364
897906592
897980868
897931796
897947721
897904832
897936132
897936120
897947876
897947904
897893888
897966922
897918980
897918968
897948865
897896148
897901624
897968268
897929748
897948953
897893732
897897388
897904320
897967866
897926532
897926520
897948683
897897020
897912356
897960632
897960640
897927604
897949832
897897132
897903776
897980932
897966888
897918708
897950047
897893216
897896112
897901556
897918804
897950411
897967698
897925188
897925176
897894712
897896840
897903180
897907780
897951052
134513160
134514280
134515610
897951166
897951168
897968640
897932724
897951232
897894204
897897728
897905056
897969216
897937332
897951465
897951488
897894648
897898192
897906216
897929668
897929656
897951608
897951616
897904300
897980996
897967974
897927396
897951793
897893988
897903732
897940740
897968466
897931332
897931320
897951904
897897556
897904712
897945922
897894544
897894928
897899048
9552460
9552700
9552710
9553040
897966638
897916708
897952090
897893812
897895904
897901060
897966504
897915636
897952314
897952320
897895748
897900788
897967624
897924596
897896784
897903032
897924532
897952519
897981060
897969510
897939684
897945852
897945856
897898440
897906804
897907860
897946932
897946944
897892880
9552416
9552512
9552940
9553198
897968988
897935508
897953840
897953856
897898008
897905752
897968178
897929028
897929016
897954325
897897296
897904136
897969448
897939188
897954785
897898388
897906680
897893432
9552966
9553099
897931652
897931640
897955185
897893180
897967754
897925636
897925624
897955284
897896908
897903292
897981124
897967170
897920964
897920952
897956359
897896356
897902112
897911032
897956631
897899644
897963340
9552780
897928756
897950758
897897252
897904064
897929940
897957034
897897408
899303668
897930004
897957240
897957248
897904384
897910916
897910904
897957423
897893520
897981188
897969968
897943348
897957494
897957504
897898848
897907708
897912724
897957840
897895428
897900060
897968604
897932436
897958580
897958592
897897700
897904992
897967092
897920340
897896316
897901952
897924740
897924728
897958955
897903060
897940484
897940472
897959446
897906992
897965678
897909028
897959968
897892808
897899136
897939716
897893448
897981252
897966560
897916084
897960285
897895808
897900900
897928372
897960952
897960960
897943108
897943096
897961650
897961664
897892988
897965962
897911300
897911288
897962167
897962176
897929796
897962311
897943268
897961942
897894324
897907908
897964998
9552860
897981316
897935380
897962960
897905720
897969694
897941156
897963406
897898600
897907164
897932788
897963843
897894492
897940868
897940856
897964379
897907092
897966752
897917620
897964433
897896020
897901280
897928932
897964601
897928308
897965171
897965184
897966230
897913444
897955200
897895500
897900240
899302644
897981380
897967126
897920612
897950272
897902028
899303488
897968196
897929172
897950681
897919972
897953720
897901876
899301376
897915668
897950492
897900800
897981444
897960020
897957365
897967388
897922708
897962789
897896548
897902552
897940664
128237904
128174920
128172644
128173625
128173632
128172804
128172792
128173556
128173816
128173824
128172576
128172900
128174163
128174622
128173284
128172508
128174976
128172964
897937404
897937414
897948642
128175040
128237952
128175104
128175168
128238016
128175232
128175296
134541656
134514528
134509472
134513224
134514224
134515780
134509504
134514400
134515494
134513360
134508928
134514096
134514432
134541568
134514112
134509568
134515844
134515538
134513712
134509324
134514560
134509632
134514304
134515908
134513936
134509163
134509248
134515972
134516036
134541696
134516100
134516164
134541760
134516228
134516292
134541824
134516356
899824448
899823236
9553756
897911132
897952026
9553216
9553796
9552632
899314148
899308260
3221169296
128237584
134513505
3221164588
134509401
3221164480
3221164476
3221164400
3221164348
897898632
897907240
897941420
897954395
897969728
899314368
134544204
134542048
134544181
134546316
134513332
3221164272
3221164192
897914182
897946816
899314240
134513745
134509189
897901924
897920172
897950143
897950144
134538565
134513457
897956344
134545280
134545344
134545408
134545472
134545536
134545600
134545664
134545728
134545792
134545856
134545920
134545984
134546048
134546112
134546176
134546240
134544256
134544320
134544384
134544448
134544512
134544576
134544640
134544704
134544768
134544832
134544896
134544960
134545024
134545088
134545152
134545216
134543136
134543168
134543232
134543296
134543360
134543424
134543488
134543552
134543616
134543680
134543744
134543808
134543872
134543936
134544000
134544064
897904004
897928492
897943673
134538903
134513889
899301568
899306916
899306984
899305792
897894820
897907974
897898880
897908038
897908102
897894848
897908166
897908230
897898944
897908294
897908358
897908422
897908486
897908550
897908614
897908678
897908742
897899072
897908806
897908870
897908934
897909062
897894976
897909126
897909190
897909254
897899200
897909318
897909382
897909446
897909510
897899264
897909574
897909638
897895040
897909702
897909766
897899328
897909830
897909894
897909958
897910022
897899392
897910086
897910150
897910214
897910278
897899456
897895104
897910342
897910406
897910470
897910534
897899520
897910598
897910662
897910726
897910790
897911174
897899712
897895232
897911366
897911430
897911494
897911558
897899776
897911622
897911686
897911750
897911814
897899840
897911878
897911942
897912006
897912070
897912262
897912390
897912518
897912582
897912646
897912774
897912838
897900096
897912902
897912966
897913030
897913094
897900160
897913158
897913222
897913286
897913350
897913478
897913542
897913606
897900288
897913670
897913734
897913798
897913862
897913926
897913990
897914054
897914246
897914310
897914374
897900480
897914438
897895616
897914502
897914566
897914630
897900544
897914694
897914758
897914822
897914886
897900608
897914950
897915014
897915078
897895680
897915142
897900672
897915206
897915270
897915334
897915398
897915462
897915526
897915718
897915782
897915846
897915910
897915974
897916102
897916166
897900928
897916230
897916294
897916358
897916422
897900992
897916486
897916550
897916614
897916742
897916806
897916870
897895936
897916934
897901120
897916998
897917062
897917126
897917190
897901184
897917254
897917318
897917382
897917446
897917510
897917638
897917702
897901312
897917766
897917830
897917894
897917958
897901376
897918022
897918086
897918150
897918214
897901440
897918278
897918342
897918406
897918470
897918534
897918598
897918726
897918854
897901632
897919046
897919110
897919174
897919238
897919302
897919366
897919430
897919558
897919622
897919686
897919750
897919814
897919878
897920006
897920070
897920198
897920262
897920390
897920454
897920518
897920646
897920710
897920774
897920838
897921030
897902144
897921094
897921158
897896384
897921222
897921286
897902208
897921350
897921414
897921478
897921542
897902272
897921606
897921670
897896448
897921734
897921798
897902336
897921862
897921926
897921990
897922054
897902400
897922118
897922182
897922246
897922310
897902464
897922374
897922438
897922502
897922566
897922630
897922758
897922822
897902592
897922886
897922950
897896576
897923014
897923078
897902656
897923142
897923206
897923270
897923334
897902720
897896640
897923398
897923462
897923526
897923590
897902784
897923654
897923718
897923782
897923846
897902848
897896704
897923910
897923974
897924038
897924102
897902912
897924166
897924230
897924294
897924358
897924422
897924614
897924806
897924870
897903104
897924934
897924998
897925062
897925254
897925318
897925382
897925446
897925510
897903296
897925702
897925766
897925830
897925894
897903360
897925958
897926022
897926086
897926150
897903424
897926214
897926278
897926342
897926406
897926662
897903552
897926726
897926790
897926854
897926918
897903616
897926982
897927046
897927110
897927174
897927238
897927302
897927430
897927494
897927622
897927686
897927750
897927814
897903872
897928006
897928070
897928134
897928390
897928518
897928582
897928646
897928774
897928838
897929094
897929222
897904192
897929286
897929350
897929414
897929478
897929542
897929862
897930054
897930118
897930182
897930246
897904448
897930310
897897472
897930374
897930438
897930502
897904512
897930566
897930630
897930694
897930758
897904576
897930822
897930886
897930950
897931014
897904640
897931078
897931142
897931206
897931398
897931462
897931526
897931846
897931910
897931974
897932038
897904896
897932102
897932166
897932230
897932294
897932358
897932486
897932550
897932614
897932806
897905088
897932870
897932934
897932998
897933062
897905152
897933126
897933190
897933254
897933318
897897792
897905216
897933382
897933446
897933510
897933574
897905280
897933638
897933702
897933766
897933830
897905344
897933894
897933958
897934022
897897856
897934086
897905408
897934150
897934214
897934278
897934342
897905472
897934406
897934470
897934534
897934598
897905536
897934662
897897920
897934726
897934790
897934854
897905600
897934918
897934982
897935046
897935110
897935174
897935238
897935302
897935430
897935558
897935622
897905792
897935686
897935750
897935814
897935878
897935942
897905920
897936198
897936262
897936326
897936390
897936454
897936518
897936582
897936710
897936774
897936838
897936902
897906112
897936966
897937030
897937094
897937158
897937222
897906240
897937478
897937542
897898240
897937606
897937670
897906304
897937734
897937798
897937862
897937926
897906368
897937990
897938054
897938118
897938182
897906432
897938246
897938310
897938374
897938438
897906496
897938502
897938566
897938630
897938694
897938758
897938886
897938950
897939014
897939078
897939206
897906688
897939270
897939334
897939398
897939462
897939526
897939590
897906816
897939782
897939846
897939910
897939974
897906880
897940038
897940102
897940166
897940230
897940294
897940358
897940550
897940934
897940998
897941062
897941190
897941254
897941318
897941446
897941510
897907264
897941574
897941638
897941702
897941766
897907328
897941830
897941894
897941958
897898688
897942022
897907392
897942086
897942150
897942214
897942278
897907456
897942342
897942406
897942470
897898752
897942534
897907520
897942598
897942662
897942726
897942790
897907584
897942854
897942918
897942982
897943174
897943366
897943430
899309600
899309656
899314488
899305760
899305860
899305924
899305988
899306052
899306116
899306180
899306244
899306308
899306372
899306436
899306500
899306564
899306628
899306692
899306756
899306820
157552644
134513793
897964851
897965716
157552748
897893644
897967258
134538946
134539452
3221154380
3221154364
134538745
134538752
3221154264
3221154124
3221154016
3221154232
3221154084
3221153936
3221153892
3221153844
897949486
897969562
157553108
157552824
157552904
157552856
899314744
899305648
134538544
899115449
897944330
897947017
3221154488
3221154572
134513985
899305688
134509014
128174084
157558180
157558116
128173948
128173952
157622300
157558216
157561356
157561340
128174258
128174050
897954298
896806912
128172709
897952879
128174272
157553152
896806976
157553216
896807040
157553280
896807104
157553344
896807168
157553408
896807232
157553472
896807296
157553536
896807360
157553600
896807424
157553664
896807488
157553728
896807552
157553792
896807616
157553856
896807680
157553920
896807744
157553984
896807808
157554048
896807872
157554112
896807936
157554176
896808000
157554240
896808064
157554304
896808128
157554368
896808192
157554432
896808256
157554496
896808320
157554560
896808384
157554624
896808448
157554688
896808512
157554752
896808576
157554816
896808640
157554880
896808704
157554944
896808768
157555008
896808832
157555072
896808896
157555136
896808960
157555200
896809024
157555264
896809088
157555328
896809152
157555392
896809216
157555456
896809280
157555520
896809344
157555584
896809408
157555648
896809472
157555712
896809536
157555776
896809600
157555840
896809664
157555904
896809728
157555968
896809792
157556032
896809856
157556096
896809920
157556160
896809984
157556224
896810048
157556288
896810112
157556352
896810176
157556416
896810240
157556480
896810304
157556544
896810368
157556608
896810432
157556672
896810496
157556736
896810560
157556800
896810624
157556864
896810688
157556928
896810752
157556992
896810816
157557056
896810880
157557120
896810944
157557184
896811008
157557248
896811072
157557312
896811136
157557376
896811200
157557440
896811264
157557504
896811328
157557568
896811392
157557632
896811456
157557696
896811520
157557760
896811584
157557824
896811648
157557888
896811712
157557952
896811776
157558016
896811840
896811904
128173125
128173112
128173429
3221153760
3221153716
157622204
157622208
128230896
3221153660
891568132
157561620
157561408
157561472
157561536
157561664
157561728
157561792
157561856
157584054
157584064
157584128
157584192
157584256
157584320
157584384
157584448
157584512
157584576
157584640
157584704
157584768
157584832
157584896
157584960
157585024
157585088
157585152
157585216
157585280
157585344
157585408
157585472
157566052
157566080
157566144
157566208
157566272
157566336
157566400
157566464
157566528
157566592
157566656
157566720
157566784
157566848
157566912
157566976
157567040
157567104
157567168
157567232
157567296
157567360
157567424
157602056
157602112
157602176
157602240
157602304
157602368
157602432
157602496
157602560
157602624
157602688
157602752
157602816
157602880
157602944
157603008
157603072
157603136
157603200
157603264
157603328
157603392
157603456
157603520
157603584
3221153584
3221153504
3221153460
157615988
157616000
157616064
157616128
157616192
157616256
157616320
157616384
157616448
157616512
157616576
157616640
157616704
157616768
157616832
157616896
157616960
157609796
157609856
157603648
157617024
157617088
157617152
157617216
157617280
157617344
157617408
157617472
157617536
157617600
157617664
157617728
157617792
157617856
157617920
157617984
157618048
157610828
157610880
157604636
157604672
157618112
157618176
157618240
157618304
157618368
157618432
157618496
157618560
157618624
157618688
157618752
157618816
157618880
157618944
157619008
157619072
157611860
157611904
157605668
157605696
157619136
157619200
157619264
157619328
157619392
157619456
157619520
157619584
157619648
157619712
157619776
157619840
157619904
157619968
157620032
157620096
157612892
157612928
157606700
157606720
157606784
157620160
157620224
157620288
157620352
157620416
157620480
157620544
157620608
157620672
157620736
157620800
157620864
157620928
157620992
157621056
157621120
157613924
157613952
157607732
157607744
157607808
157621184
157621248
157621312
157621376
157621440
157621504
157621568
157621632
157621696
157621760
157621824
157621888
157621952
157622016
157622080
157614956
157614976
157615040
157608764
157608768
157608832
157558272
157558336
157558400
157558464
157558528
157558592
157558656
157558720
157558784
157558848
157558912
157558976
157559040
157559104
157559168
157559232
157565987
157565951
157565887
157565823
157565759
891568192
891568256
891568320
891568384
891568448
891568512
891568576
891568640
891568704
891568768
891568832
891568896
891568960
891569024
891569088
891569152
891569216
891569280
891569344
891569408
891569472
891569536
891569600
157565695
891569664
891569728
891569792
891569856
891569920
891569984
891570048
891570112
891570176
891570240
891570304
891570368
891570432
891570496
891570560
157565631
891570624
891570688
891570752
891570816
891570880
891570944
891571008
891571072
891571136
891571200
891571264
891571328
891571392
891571456
891571520
891571584
891571648
891571712
891571776
891571840
891571904
157565567
891571968
891572032
891572096
891572160
891572224
891572288
891572352
891572416
891572480
891572544
891572608
891572672
891572736
891572800
891572864
891572928
891572992
891573056
891573120
891573184
891573248
891573312
891573376
891573440
157565503
891573504
891573568
891573632
891573696
891573760
891573824
891573888
891573952
891574016
891574080
891574144
157565439
891574208
891574272
891574336
891574400
891574464
891574528
891574592
891574656
891574720
891574784
891574848
891574912
891574976
891575040
891575104
891575168
891575232
891575296
891575360
891575424
891575488
891575552
891575616
891575680
891575744
157565375
891575808
891575872
891575936
891576000
891576064
891576128
891576192
891576256
891576320
891576384
891576448
891576512
891576576
891576640
891576704
891576768
891576832
891576896
891576960
891577024
891577088
891577152
891577216
891577280
891577344
891577408
891577472
891577536
891577600
891577664
891577728
891577792
891577856
891577920
891577984
891578048
891578112
891578176
891578240
891578304
891578368
891578432
891578496
891578560
891578624
891578688
891578752
891578816
891578880
891578944
891579008
891579072
891579136
157565311
891579200
891579264
891579328
891579392
891579456
891579520
891579584
891579648
891579712
891579776
891579840
891579904
891579968
891580032
891580096
891580160
891580224
891580288
891580352
891580416
891580480
891580544
891580608
891580672
891580736
891580800
891580864
891580928
891580992
891581056
891581120
891581184
891581248
891581312
891581376
891581440
891581504
891581568
891581632
891581696
891581760
891581824
891581888
891581952
891582016
891582080
891582144
891582208
891582272
157565247
891582336
891582400
891582464
891582528
891582592
891582656
891582720
891582784
891582848
891582912
891582976
157565183
891583040
891583104
891583168
891583232
891583296
891583360
891583424
891583488
891583552
891583616
891583680
157565119
891583744
891583808
891583872
891583936
891584000
891584064
891584128
157565055
891584192
891584256
891584320
891584384
891584448
891584512
157564991
891584576
891584640
891584704
891584768
157564927
891584832
891584896
891584960
891585024
891585088
157564863
891585152
891585216
891585280
891585344
891585408
157564799
891585472
891585536
891585600
891585664
891585728
891585792
891585856
157564735
891585920
891585984
891586048
891586112
891586176
891586240
157564671
891586304
891586368
891586432
891586496
891586560
891586624
891586688
891586752
891586816
891586880
891586944
891587008
891587072
891587136
891587200
891587264
891587328
891587392
891587456
891587520
891587584
891587648
891587712
891587776
157564607
891587840
891587904
891587968
891588032
891588096
157564543
891588160
891588224
891588288
891588352
891588416
157564479
891588480
891588544
891588608
891588672
891588736
157564415
891588800
891588864
891588928
891588992
891589056
157564351
891589120
891589184
891589248
891589312
157564287
891589376
891589440
891589504
891589568
891589632
891589696
157564223
891589760
891589824
891589888
891589952
891590016
157564159
891590080
891590144
891590208
891590272
891590336
891590400
891590464
157564095
891590528
891590592
891590656
891590720
891590784
891590848
891590912
891590976
891591040
891591104
891591168
891591232
157564031
891591296
891591360
891591424
891591488
891591552
891591616
891591680
891591744
891591808
891591872
891591936
891592000
891592064
891592128
891592192
157563967
891592256
891592320
891592384
891592448
891592512
891592576
891592640
891592704
891592768
891592832
891592896
891592960
891593024
157563903
891593088
891593152
891593216
891593280
891593344
891593408
891593472
157563839
891593536
891593600
891593664
891593728
891593792
891593856
891593920
891593984
891594048
891594112
891594176
891594240
891594304
891594368
891594432
891594496
891594560
891594624
891594688
891594752
891594816
891594880
891594944
891595008
891595072
891595136
891595200
891595264
157563775
891595328
891595392
891595456
891595520
891595584
891595648
891595712
891595776
891595840
891595904
891595968
891596032
891596096
891596160
891596224
891596288
891596352
891596416
891596480
891596544
891596608
891596672
891596736
891596800
891596864
891596928
891596992
891597056
891597120
891597184
891597248
891597312
891597376
891597440
891597504
891597568
891597632
891597696
891597760
891597824
891597888
891597952
891598016
891598080
891598144
891598208
891598272
891598336
891598400
891598464
891598528
891598592
891598656
891598720
891598784
891598848
891598912
891598976
891599040
891599104
891599168
891599232
157563711
891599296
891599360
891599424
891599488
891599552
891599616
891599680
891599744
891599808
891599872
891599936
891600000
891600064
891600128
891600192
891600256
891600320
891600384
891600448
891600512
891600576
891600640
891600704
891600768
157563647
891600832
891600896
891600960
891601024
891601088
891601152
891601216
891601280
891601344
891601408
891601472
157563583
891601536
891601600
891601664
891601728
891601792
891601856
891601920
891601984
891602048
157563519
891602112
891602176
891602240
891602304
157563455
891602368
891602432
891602496
891602560
891602624
157563391
891602688
891602752
891602816
891602880
891602944
157563327
891603008
891603072
891603136
891603200
891603264
891603328
157563263
891603392
896811968
896812032
896812096
896812160
896812224
896812288
896812352
896812416
896812480
896812544
896812608
896812672
896812736
896812800
896812864
896812928
896812992
896813056
896813120
896813184
896813248
896813312
896813376
896813440
896813504
896813568
896813632
896813696
896813760
896813824
896813888
896813952
896814016
896814080
896814144
896814208
896814272
896814336
896814400
896814464
896814528
896814592
896814656
896814720
896814784
896814848
896814912
896814976
896815040
128231020
891603456
891603520
891603584
891603648
891603712
157563199
891603776
891603840
891603904
891603968
157563135
891604032
891604096
891604160
891604224
891604288
157563071
891604352
891604416
891604480
891604544
157563007
891604608
891604672
891604736
891604800
891604864
157562943
891604928
891604992
891605056
891605120
891605184
157562879
891605248
891605312
891605376
891605440
891605504
157562815
891605568
891605632
891605696
891605760
157562751
891605824
891605888
891605952
891606016
891606080
891606144
157562687
891606208
891606272
891606336
891606400
891606464
157562623
891606528
891606592
891606656
891606720
157562559
891606784
891606848
891606912
891606976
891607040
157562495
891607104
891607168
891607232
891607296
157562431
891607360
891607424
891607488
891607552
891607616
157562367
891607680
891607744
891607808
891607872
891607936
157562303
891608000
891608064
891608128
891608192
157562239
891608256
891608320
891608384
891608448
157562175
891608512
891608576
891608640
891608704
891608768
891608832
891608896
891608960
891609024
157562111
891609088
891609152
891609216
891609280
891609344
157562047
891609408
891609472
891609536
891609600
157561983
891609664
891609728
891609792
891609856
891609920
891609984
891610048
891610112
891610176
891610240
891610304
891610368
891610432
891610496
891610560
891610624
891610688
891610752
891610816
891610880
891610944
891611008
891611072
891611136
891611200
891611264
891611328
891611392
891611456
891611520
891611584
891611648
891611712
891611776
891611840
891611904
891611968
891612032
891612096
891612160
891612224
891612288
891612352
891612416
891612480
891612544
891612608
891612672
891612736
891612800
891612864
891612928
891612992
891613056
891613120
891613184
891613248
891613312
891613376
891613440
891613504
891613568
891613632
891613696
891613760
891613824
891613888
891613952
891614016
891614080
891614144
891614208
891614272
891614336
891614400
891614464
891614528
891614592
891614656
891614720
891614784
891614848
891614912
891614976
891615040
891615104
891615168
891615232
891615296
891615360
891615424
891615488
891615552
891615616
891615680
891615744
891615808
891615872
891615936
891616000
891616064
891616128
891616192
891616256
891616320
891616384
891616448
891616512
891616576
891616640
891616704
891616768
891616832
891616896
891616960
891617024
891617088
891617152
891617216
891617280
891617344
891617408
891617472
891617536
891617600
891617664
891617728
891617792
891617856
891617920
891617984
891618048
891618112
891618176
891618240
891618304
891618368
891618432
891618496
891618560
891618624
891618688
891618752
891618816
891618880
891618944
891619008
891619072
891619136
891619200
891619264
891619328
891619392
891619456
891619520
891619584
891619648
891619712
891619776
891619840
891619904
891619968
891620032
891620096
891620160
891620224
891620288
891620352
891620416
891620480
891620544
891620608
891620672
891620736
891620800
891620864
891620928
891620992
891621056
891621120
891621184
891621248
891621312
891621376
891621440
891621504
891621568
891621632
891621696
891621760
891621824
891621888
891621952
891622016
891622080
891622144
891622208
891622272
891622336
891622400
891622464
891622528
891622592
891622656
891622720
891622784
891622848
891622912
891622976
891623040
891623104
891623168
891623232
891623296
891623360
891623424
891623488
891623552
891623616
891623680
891623744
891623808
891623872
891623936
891624000
891624064
891624128
891624192
891624256
891624320
891624384
891624448
891624512
891624576
891624640
891624704
891624768
891624832
891624896
891624960
891625024
891625088
891625152
891625216
891625280
891625344
891625408
891625472
891625536
891625600
891625664
891625728
891625792
891625856
891625920
891625984
891626048
891626112
891626176
891626240
891626304
891626368
891626432
891626496
891626560
891626624
891626688
891626752
891626816
891626880
891626944
891627008
891627072
891627136
891627200
891627264
891627328
891627392
891627456
891627520
891627584
891627648
891627712
891627776
891627840
891627904
891627968
891628032
891628096
891628160
891628224
891628288
891628352
891628416
891628480
891628544
891628608
891628672
891628736
891628800
891628864
891628928
891628992
891629056
891629120
891629184
891629248
891629312
891629376
891629440
891629504
891629568
891629632
891629696
891629760
891629824
891629888
891629952
891630016
891630080
891630144
891630208
891630272
891630336
891630400
891630464
891630528
891630592
891630656
891630720
891630784
891630848
891630912
891630976
891631040
891631104
891631168
891631232
891631296
891631360
891631424
891631488
891631552
891631616
891631680
891631744
891631808
891631872
891631936
891632000
891632064
891632128
891632192
891632256
891632320
891632384
891632448
891632512
891632576
891632640
891632704
891632768
891632832
891632896
891632960
891633024
891633088
891633152
891633216
891633280
891633344
891633408
891633472
891633536
891633600
891633664
891633728
891633792
891633856
891633920
891633984
891634048
891634112
891634176
891634240
891634304
891634368
891634432
891634496
891634560
891634624
891634688
891634752
891634816
891634880
891634944
891635008
891635072
891635136
891635200
891635264
891635328
891635392
891635456
891635520
891635584
891635648
891635712
891635776
891635840
891635904
891635968
891636032
891636096
891636160
891636224
891636288
891636352
891636416
891636480
891636544
891636608
891636672
891636736
891636800
891636864
891636928
891636992
891637056
891637120
891637184
891637248
891637312
891637376
891637440
891637504
891637568
891637632
891637696
891637760
891637824
891637888
891637952
891638016
891638080
891638144
891638208
891638272
891638336
891638400
891638464
891638528
891638592
891638656
891638720
891638784
891638848
891638912
891638976
891639040
891639104
891639168
891639232
891639296
891639360
891639424
891639488
891639552
891639616
891639680
891639744
891639808
891639872
891639936
891640000
891640064
891640128
891640192
891640256
891640320
891640384
891640448
891640512
891640576
891640640
891640704
891640768
891640832
891640896
891640960
891641024
891641088
891641152
891641216
891641280
891641344
891641408
891641472
891641536
891641600
891641664
891641728
891641792
891641856
891641920
891641984
891642048
891642112
891642176
891642240
891642304
891642368
891642432
891642496
891642560
891642624
891642688
891642752
891642816
891642880
891642944
891643008
891643072
891643136
891643200
891643264
891643328
891643392
891643456
891643520
891643584
891643648
891643712
891643776
891643840
891643904
891643968
891644032
891644096
891644160
891644224
891644288
891644352
891644416
891644480
891644544
891644608
891644672
891644736
891644800
891644864
891644928
891644992
891645056
891645120
891645184
891645248
891645312
891645376
891645440
891645504
891645568
891645632
891645696
891645760
891645824
891645888
891645952
891646016
891646080
891646144
891646208
891646272
891646336
891646400
891646464
891646528
891646592
891646656
891646720
891646784
891646848
891646912
891646976
891647040
891647104
891647168
891647232
891647296
891647360
891647424
891647488
891647552
891647616
891647680
891647744
891647808
891647872
891647936
891648000
891648064
891648128
891648192
891648256
891648320
891648384
891648448
891648512
891648576
891648640
891648704
891648768
891648832
891648896
891648960
891649024
891649088
891649152
891649216
891649280
891649344
891649408
891649472
891649536
891649600
891649664
891649728
891649792
891649856
891649920
891649984
891650048
891650112
891650176
891650240
891650304
891650368
891650432
891650496
891650560
891650624
891650688
891650752
891650816
891650880
891650944
891651008
891651072
891651136
891651200
891651264
891651328
891651392
891651456
891651520
891651584
891651648
891651712
891651776
891651840
891651904
891651968
891652032
891652096
891652160
891652224
891652288
891652352
891652416
891652480
891652544
891652608
891652672
891652736
891652800
891652864
891652928
891652992
891653056
891653120
891653184
891653248
891653312
891653376
891653440
891653504
891653568
891653632
891653696
891653760
891653824
891653888
891653952
891654016
891654080
891654144
891654208
891654272
891654336
891654400
891654464
891654528
891654592
891654656
891654720
891654784
891654848
891654912
891654976
891655040
891655104
891655168
891655232
891655296
891655360
891655424
891655488
891655552
891655616
891655680
891655744
891655808
891655872
891655936
891656000
891656064
891656128
891656192
891656256
891656320
891656384
891656448
891656512
891656576
891656640
891656704
891656768
891656832
891656896
891656960
891657024
891657088
891657152
891657216
891657280
891657344
891657408
891657472
891657536
891657600
891657664
891657728
891657792
891657856
891657920
891657984
891658048
891658112
891658176
891658240
891658304
891658368
891658432
891658496
891658560
891658624
891658688
891658752
891658816
891658880
891658944
891659008
891659072
891659136
891659200
891659264
891659328
891659392
891659456
891659520
891659584
891659648
891659712
891659776
891659840
891659904
891659968
891660032
891660096
891660160
891660224
891660288
891660352
891660416
891660480
891660544
891660608
891660672
891660736
891660800
891660864
891660928
891660992
891661056
891661120
891661184
891661248
891661312
891661376
891661440
891661504
891661568
891661632
891661696
891661760
891661824
891661888
891661952
891662016
891662080
891662144
891662208
891662272
891662336
891662400
891662464
891662528
891662592
891662656
891662720
891662784
891662848
891662912
891662976
891663040
891663104
891663168
891663232
891663296
891663360
891663424
891663488
891663552
891663616
891663680
891663744
891663808
891663872
891663936
891664000
891664064
891664128
891664192
891664256
891664320
891664384
891664448
891664512
891664576
891664640
891664704
891664768
891664832
891664896
891664960
891665024
891665088
891665152
891665216
891665280
891665344
891665408
891665472
891665536
891665600
891665664
891665728
891665792
891665856
891665920
891665984
891666048
891666112
891666176
891666240
891666304
891666368
891666432
891666496
891666560
891666624
891666688
891666752
891666816
891666880
891666944
891667008
891667072
891667136
891667200
891667264
891667328
891667392
891667456
891667520
891667584
891667648
891667712
891667776
891667840
891667904
891667968
891668032
891668096
891668160
891668224
891668288
891668352
891668416
891668480
891668544
891668608
891668672
891668736
891668800
891668864
891668928
891668992
891669056
891669120
891669184
891669248
891669312
891669376
891669440
891669504
891669568
891669632
891669696
891669760
891669824
891669888
891669952
891670016
891670080
891670144
891670208
891670272
891670336
891670400
891670464
891670528
891670592
891670656
891670720
891670784
891670848
891670912
891670976
891671040
891671104
891671168
891671232
891671296
891671360
891671424
891671488
891671552
891671616
891671680
891671744
891671808
891671872
891671936
891672000
891672064
891672128
891672192
891672256
891672320
891672384
891672448
891672512
891672576
891672640
891672704
891672768
891672832
891672896
891672960
891673024
891673088
891673152
891673216
891673280
891673344
891673408
891673472
891673536
891673600
891673664
891673728
891673792
891673856
891673920
891673984
891674048
891674112
891674176
891674240
891674304
891674368
891674432
891674496
891674560
891674624
891674688
891674752
891674816
891674880
891674944
891675008
891675072
891675136
891675200
891675264
891675328
891675392
891675456
891675520
891675584
891675648
891675712
891675776
891675840
891675904
891675968
891676032
891676096
891676160
891676224
891676288
891676352
891676416
891676480
891676544
891676608
891676672
891676736
891676800
891676864
891676928
891676992
891677056
891677120
891677184
891677248
891677312
891677376
891677440
891677504
891677568
891677632
891677696
891677760
891677824
891677888
891677952
891678016
891678080
891678144
891678208
891678272
891678336
891678400
891678464
891678528
891678592
891678656
891678720
891678784
891678848
891678912
891678976
891679040
891679104
891679168
891679232
891679296
891679360
891679424
891679488
891679552
891679616
891679680
891679744
891679808
891679872
891679936
891680000
891680064
891680128
891680192
891680256
891680320
891680384
891680448
891680512
891680576
891680640
891680704
891680768
891680832
891680896
891680960
891681024
891681088
891681152
891681216
891681280
891681344
891681408
891681472
891681536
891681600
891681664
891681728
891681792
891681856
891681920
891681984
891682048
891682112
891682176
891682240
891682304
891682368
891682432
891682496
891682560
891682624
891682688
891682752
891682816
891682880
891682944
891683008
891683072
891683136
891683200
891683264
891683328
891683392
891683456
891683520
891683584
891683648
891683712
891683776
891683840
891683904
891683968
891684032
891684096
891684160
891684224
891684288
891684352
891684416
891684480
891684544
891684608
891684672
891684736
891684800
891684864
891684928
891684992
891685056
891685120
891685184
891685248
891685312
891685376
891685440
891685504
891685568
891685632
891685696
891685760
891685824
891685888
891685952
891686016
891686080
891686144
891686208
891686272
891686336
891686400
891686464
891686528
891686592
891686656
891686720
891686784
891686848
891686912
891686976
891687040
891687104
891687168
891687232
891687296
891687360
891687424
891687488
891687552
891687616
891687680
891687744
891687808
891687872
891687936
891688000
891688064
891688128
891688192
891688256
891688320
891688384
891688448
891688512
891688576
891688640
891688704
891688768
891688832
891688896
891688960
891689024
891689088
891689152
891689216
891689280
891689344
891689408
891689472
891689536
891689600
891689664
891689728
891689792
891689856
891689920
891689984
891690048
891690112
891690176
891690240
891690304
891690368
891690432
891690496
891690560
891690624
891690688
891690752
891690816
891690880
891690944
891691008
891691072
891691136
891691200
891691264
891691328
891691392
891691456
891691520
891691584
891691648
891691712
891691776
891691840
891691904
891691968
891692032
891692096
891692160
891692224
891692288
891692352
891692416
891692480
891692544
891692608
891692672
891692736
891692800
891692864
891692928
891692992
891693056
891693120
891693184
891693248
891693312
891693376
891693440
891693504
891693568
891693632
891693696
891693760
891693824
891693888
891693952
891694016
891694080
891694144
891694208
891694272
891694336
891694400
891694464
891694528
891694592
891694656
891694720
891694784
891694848
891694912
891694976
891695040
891695104
891695168
891695232
891695296
891695360
891695424
891695488
891695552
891695616
891695680
891695744
891695808
891695872
891695936
891696000
891696064
891696128
891696192
891696256
891696320
891696384
891696448
891696512
891696576
891696640
891696704
891696768
891696832
891696896
891696960
891697024
891697088
891697152
891697216
891697280
891697344
891697408
891697472
891697536
891697600
891697664
891697728
891697792
891697856
891697920
891697984
891698048
891698112
891698176
891698240
891698304
891698368
891698432
891698496
891698560
891698624
891698688
891698752
891698816
891698880
891698944
891699008
891699072
891699136
891699200
891699264
891699328
891699392
891699456
891699520
891699584
891699648
891699712
891699776
891699840
891699904
891699968
891700032
891700096
891700160
891700224
891700288
891700352
891700416
891700480
891700544
891700608
891700672
891700736
891700800
891700864
891700928
891700992
891701056
891701120
891701184
891701248
891701312
891701376
891701440
891701504
891701568
891701632
891701696
891701760
891701824
891701888
891701952
891702016
891702080
891702144
891702208
891702272
891702336
891702400
891702464
891702528
891702592
891702656
891702720
891702784
891702848
891702912
891702976
891703040
891703104
891703168
891703232
891703296
891703360
891703424
891703488
891703552
891703616
891703680
891703744
891703808
891703872
891703936
891704000
891704064
891704128
891704192
891704256
891704320
891704384
891704448
891704512
891704576
891704640
891704704
891704768
891704832
891704896
891704960
891705024
891705088
891705152
891705216
891705280
891705344
891705408
891705472
891705536
891705600
891705664
891705728
891705792
891705856
891705920
891705984
891706048
891706112
891706176
891706240
891706304
891706368
891706432
891706496
891706560
891706624
891706688
891706752
891706816
891706880
891706944
891707008
891707072
891707136
891707200
891707264
891707328
891707392
891707456
891707520
891707584
891707648
891707712
891707776
891707840
891707904
891707968
891708032
891708096
891708160
891708224
891708288
891708352
891708416
891708480
891708544
891708608
891708672
891708736
891708800
891708864
891708928
891708992
891709056
891709120
891709184
891709248
891709312
891709376
891709440
891709504
891709568
891709632
891709696
891709760
891709824
891709888
891709952
891710016
891710080
891710144
891710208
891710272
891710336
891710400
891710464
891710528
891710592
891710656
891710720
891710784
891710848
891710912
891710976
891711040
891711104
891711168
891711232
891711296
891711360
891711424
891711488
891711552
891711616
891711680
891711744
891711808
891711872
891711936
891712000
891712064
891712128
891712192
891712256
891712320
891712384
891712448
891712512
891712576
891712640
891712704
891712768
891712832
891712896
891712960
891713024
891713088
891713152
891713216
891713280
891713344
891713408
891713472
891713536
891713600
891713664
891713728
891713792
891713856
891713920
891713984
891714048
891714112
891714176
891714240
891714304
891714368
891714432
891714496
891714560
891714624
891714688
891714752
891714816
891714880
891714944
891715008
891715072
891715136
891715200
891715264
891715328
891715392
891715456
891715520
891715584
891715648
891715712
891715776
891715840
891715904
891715968
891716032
891716096
891716160
891716224
891716288
891716352
891716416
891716480
891716544
891716608
891716672
891716736
891716800
891716864
891716928
891716992
891717056
891717120
891717184
891717248
891717312
891717376
891717440
891717504
891717568
891717632
891717696
891717760
891717824
891717888
891717952
891718016
891718080
891718144
891718208
891718272
891718336
891718400
891718464
891718528
891718592
891718656
891718720
891718784
891718848
891718912
891718976
891719040
891719104
891719168
891719232
891719296
891719360
891719424
891719488
891719552
891719616
891719680
891719744
891719808
891719872
891719936
891720000
891720064
891720128
891720192
891720256
891720320
891720384
891720448
891720512
891720576
891720640
891720704
891720768
891720832
891720896
891720960
891721024
891721088
891721152
891721216
891721280
891721344
891721408
891721472
891721536
891721600
891721664
891721728
891721792
891721856
891721920
891721984
891722048
891722112
891722176
891722240
891722304
891722368
891722432
891722496
891722560
891722624
891722688
891722752
891722816
891722880
891722944
891723008
891723072
891723136
891723200
891723264
891723328
891723392
891723456
891723520
891723584
891723648
891723712
891723776
891723840
891723904
891723968
891724032
891724096
891724160
891724224
891724288
891724352
891724416
891724480
891724544
891724608
891724672
891724736
891724800
891724864
891724928
891724992
891725056
891725120
891725184
891725248
891725312
891725376
891725440
891725504
891725568
891725632
891725696
891725760
891725824
891725888
891725952
891726016
891726080
891726144
891726208
891726272
891726336
891726400
891726464
891726528
891726592
891726656
891726720
891726784
891726848
891726912
891726976
891727040
891727104
891727168
891727232
891727296
891727360
891727424
891727488
891727552
891727616
891727680
891727744
891727808
891727872
891727936
891728000
891728064
891728128
891728192
891728256
891728320
891728384
891728448
891728512
891728576
891728640
891728704
891728768
891728832
891728896
891728960
891729024
891729088
891729152
891729216
891729280
891729344
891729408
891729472
891729536
891729600
891729664
891729728
891729792
891729856
891729920
891729984
891730048
891730112
891730176
891730240
891730304
891730368
891730432
891730496
891730560
891730624
891730688
891730752
891730816
891730880
891730944
891731008
891731072
891731136
891731200
891731264
891731328
891731392
891731456
891731520
891731584
891731648
891731712
891731776
891731840
891731904
891731968
891732032
891732096
891732160
891732224
891732288
891732352
891732416
891732480
891732544
891732608
891732672
891732736
891732800
891732864
891732928
891732992
891733056
891733120
891733184
891733248
891733312
891733376
891733440
891733504
891733568
891733632
891733696
891733760
891733824
891733888
891733952
891734016
891734080
891734144
891734208
891734272
891734336
891734400
891734464
891734528
891734592
891734656
891734720
891734784
891734848
891734912
891734976
891735040
891735104
891735168
891735232
891735296
891735360
891735424
891735488
891735552
891735616
891735680
891735744
891735808
891735872
891735936
891736000
891736064
891736128
891736192
891736256
891736320
891736384
891736448
891736512
891736576
891736640
891736704
891736768
891736832
891736896
891736960
891737024
891737088
891737152
891737216
891737280
891737344
891737408
891737472
891737536
891737600
891737664
891737728
891737792
891737856
891737920
891737984
891738048
891738112
891738176
891738240
891738304
891738368
891738432
891738496
891738560
891738624
891738688
891738752
891738816
891738880
891738944
891739008
891739072
891739136
891739200
891739264
891739328
891739392
891739456
891739520
891739584
891739648
891739712
891739776
891739840
891739904
891739968
891740032
891740096
891740160
891740224
891740288
891740352
891740416
891740480
891740544
891740608
891740672
891740736
891740800
891740864
891740928
891740992
891741056
891741120
891741184
891741248
891741312
891741376
891741440
891741504
891741568
891741632
891741696
891741760
891741824
891741888
891741952
891742016
891742080
891742144
891742208
891742272
891742336
891742400
891742464
891742528
891742592
891742656
891742720
891742784
891742848
891742912
891742976
891743040
891743104
891743168
891743232
891743296
891743360
891743424
891743488
891743552
891743616
891743680
891743744
891743808
891743872
891743936
891744000
891744064
891744128
891744192
891744256
891744320
891744384
891744448
891744512
891744576
891744640
891744704
891744768
891744832
891744896
891744960
891745024
891745088
891745152
891745216
891745280
891745344
891745408
891745472
891745536
891745600
891745664
891745728
891745792
891745856
891745920
891745984
891746048
891746112
891746176
891746240
891746304
891746368
891746432
891746496
891746560
891746624
891746688
891746752
891746816
891746880
891746944
891747008
891747072
891747136
891747200
891747264
891747328
891747392
891747456
891747520
891747584
891747648
891747712
891747776
891747840
891747904
891747968
891748032
891748096
891748160
891748224
891748288
891748352
891748416
891748480
891748544
891748608
891748672
891748736
891748800
891748864
891748928
891748992
891749056
891749120
891749184
891749248
891749312
891749376
891749440
891749504
891749568
891749632
891749696
891749760
891749824
891749888
891749952
891750016
891750080
891750144
891750208
891750272
891750336
891750400
891750464
891750528
891750592
891750656
891750720
891750784
891750848
891750912
891750976
891751040
891751104
891751168
891751232
891751296
891751360
891751424
891751488
891751552
891751616
891751680
891751744
891751808
891751872
891751936
891752000
891752064
891752128
891752192
891752256
891752320
891752384
891752448
891752512
891752576
891752640
891752704
891752768
891752832
891752896
891752960
891753024
891753088
891753152
891753216
891753280
891753344
891753408
891753472
891753536
891753600
891753664
891753728
891753792
891753856
891753920
891753984
891754048
891754112
891754176
891754240
891754304
891754368
891754432
891754496
891754560
891754624
891754688
891754752
891754816
891754880
891754944
891755008
891755072
891755136
891755200
891755264
891755328
891755392
891755456
891755520
891755584
891755648
891755712
891755776
891755840
891755904
891755968
891756032
891756096
891756160
891756224
891756288
891756352
891756416
891756480
891756544
891756608
891756672
891756736
891756800
891756864
891756928
891756992
891757056
891757120
891757184
891757248
891757312
891757376
891757440
891757504
891757568
891757632
891757696
891757760
891757824
891757888
891757952
891758016
891758080
891758144
891758208
891758272
891758336
891758400
891758464
891758528
891758592
891758656
891758720
891758784
891758848
891758912
891758976
891759040
891759104
891759168
891759232
891759296
891759360
891759424
891759488
891759552
891759616
891759680
891759744
891759808
891759872
891759936
891760000
891760064
891760128
891760192
891760256
891760320
891760384
891760448
891760512
891760576
891760640
891760704
891760768
891760832
891760896
891760960
891761024
891761088
891761152
891761216
891761280
891761344
891761408
891761472
891761536
891761600
891761664
891761728
891761792
891761856
891761920
891761984
891762048
891762112
891762176
891762240
891762304
891762368
891762432
891762496
891762560
891762624
891762688
891762752
891762816
891762880
891762944
891763008
891763072
891763136
891763200
891763264
891763328
891763392
891763456
891763520
891763584
891763648
891763712
891763776
891763840
891763904
891763968
891764032
891764096
891764160
891764224
891764288
891764352
891764416
891764480
891764544
891764608
891764672
891764736
891764800
891764864
891764928
891764992
891765056
891765120
891765184
891765248
891765312
891765376
891765440
891765504
891765568
891765632
891765696
891765760
891765824
891765888
891765952
891766016
891766080
891766144
891766208
891766272
891766336
891766400
891766464
891766528
891766592
891766656
891766720
891766784
891766848
891766912
891766976
891767040
891767104
891767168
891767232
891767296
891767360
891767424
891767488
891767552
891767616
891767680
891767744
891767808
891767872
891767936
891768000
891768064
891768128
891768192
891768256
891768320
891768384
891768448
891768512
891768576
891768640
891768704
891768768
891768832
891768896
891768960
891769024
891769088
891769152
891769216
891769280
891769344
891769408
891769472
891769536
891769600
891769664
891769728
891769792
891769856
891769920
891769984
891770048
891770112
891770176
891770240
891770304
891770368
891770432
891770496
891770560
891770624
891770688
891770752
891770816
891770880
891770944
891771008
891771072
891771136
891771200
891771264
891771328
891771392
891771456
891771520
891771584
891771648
891771712
891771776
891771840
891771904
891771968
891772032
891772096
891772160
891772224
891772288
891772352
891772416
891772480
891772544
891772608
891772672
891772736
891772800
891772864
891772928
891772992
891773056
891773120
891773184
891773248
891773312
891773376
891773440
891773504
891773568
891773632
891773696
891773760
891773824
891773888
891773952
891774016
891774080
891774144
891774208
891774272
891774336
891774400
891774464
891774528
891774592
891774656
891774720
891774784
891774848
891774912
891774976
891775040
891775104
891775168
891775232
891775296
891775360
891775424
891775488
891775552
891775616
891775680
891775744
891775808
891775872
891775936
891776000
891776064
891776128
891776192
891776256
891776320
891776384
891776448
891776512
891776576
891776640
891776704
891776768
891776832
891776896
891776960
891777024
891777088
891777152
891777216
891777280
891777344
891777408
891777472
891777536
891777600
891777664
891777728
891777792
891777856
891777920
891777984
891778048
891778112
891778176
891778240
891778304
891778368
891778432
891778496
891778560
891778624
891778688
891778752
891778816
891778880
891778944
891779008
891779072
891779136
891779200
891779264
891779328
891779392
891779456
891779520
891779584
891779648
891779712
891779776
891779840
891779904
891779968
891780032
891780096
891780160
891780224
891780288
891780352
891780416
891780480
891780544
891780608
891780672
891780736
891780800
891780864
891780928
891780992
891781056
891781120
891781184
891781248
891781312
891781376
891781440
891781504
891781568
891781632
891781696
891781760
891781824
891781888
891781952
891782016
891782080
891782144
891782208
891782272
891782336
891782400
891782464
891782528
891782592
891782656
891782720
891782784
891782848
891782912
891782976
891783040
891783104
891783168
891783232
891783296
891783360
891783424
891783488
891783552
891783616
891783680
891783744
891783808
891783872
891783936
891784000
891784064
891784128
891784192
891784256
891784320
891784384
891784448
891784512
891784576
891784640
891784704
891784768
891784832
891784896
891784960
891785024
891785088
891785152
891785216
891785280
891785344
891785408
891785472
891785536
891785600
891785664
891785728
891785792
891785856
891785920
891785984
891786048
891786112
891786176
891786240
891786304
891786368
891786432
891786496
891786560
891786624
891786688
891786752
891786816
891786880
891786944
891787008
891787072
891787136
891787200
891787264
891787328
891787392
891787456
891787520
891787584
891787648
891787712
891787776
891787840
891787904
891787968
891788032
891788096
891788160
891788224
891788288
891788352
891788416
891788480
891788544
891788608
891788672
891788736
891788800
891788864
891788928
891788992
891789056
891789120
891789184
891789248
891789312
891789376
891789440
891789504
891789568
891789632
891789696
891789760
891789824
891789888
891789952
891790016
891790080
891790144
891790208
891790272
891790336
891790400
891790464
891790528
891790592
891790656
891790720
891790784
891790848
891790912
891790976
891791040
891791104
891791168
891791232
891791296
891791360
891791424
891791488
891791552
891791616
891791680
891791744
891791808
891791872
891791936
891792000
891792064
891792128
891792192
891792256
891792320
891792384
891792448
891792512
891792576
891792640
891792704
891792768
891792832
891792896
891792960
891793024
891793088
891793152
891793216
891793280
891793344
891793408
891793472
891793536
891793600
891793664
891793728
891793792
891793856
891793920
891793984
891794048
891794112
891794176
891794240
891794304
891794368
891794432
891794496
891794560
891794624
891794688
891794752
891794816
891794880
891794944
891795008
891795072
891795136
891795200
891795264
891795328
891795392
891795456
891795520
891795584
891795648
891795712
891795776
891795840
891795904
891795968
891796032
891796096
891796160
891796224
891796288
891796352
891796416
891796480
891796544
891796608
891796672
891796736
891796800
891796864
891796928
891796992
891797056
891797120
891797184
891797248
891797312
891797376
891797440
891797504
891797568
891797632
891797696
891797760
891797824
891797888
891797952
891798016
891798080
891798144
891798208
891798272
891798336
891798400
891798464
891798528
891798592
891798656
891798720
891798784
891798848
891798912
891798976
891799040
891799104
891799168
891799232
891799296
891799360
891799424
891799488
891799552
891799616
891799680
891799744
891799808
891799872
891799936
891800000
891800064
891800128
891800192
891800256
891800320
891800384
891800448
891800512
891800576
891800640
891800704
891800768
891800832
891800896
891800960
891801024
891801088
891801152
891801216
891801280
891801344
891801408
891801472
891801536
891801600
891801664
891801728
891801792
891801856
891801920
891801984
891802048
891802112
891802176
891802240
891802304
891802368
891802432
891802496
891802560
891802624
891802688
891802752
891802816
891802880
891802944
891803008
891803072
891803136
891803200
891803264
891803328
891803392
891803456
891803520
891803584
891803648
891803712
891803776
891803840
891803904
891803968
891804032
891804096
891804160
891804224
891804288
891804352
891804416
891804480
891804544
891804608
891804672
891804736
891804800
891804864
891804928
891804992
891805056
891805120
891805184
891805248
891805312
891805376
891805440
891805504
891805568
891805632
891805696
891805760
891805824
891805888
891805952
891806016
891806080
891806144
891806208
891806272
891806336
891806400
891806464
891806528
891806592
891806656
891806720
891806784
891806848
891806912
891806976
891807040
891807104
891807168
891807232
891807296
891807360
891807424
891807488
891807552
891807616
891807680
891807744
891807808
891807872
891807936
891808000
891808064
891808128
891808192
891808256
891808320
891808384
891808448
891808512
891808576
891808640
891808704
891808768
891808832
891808896
891808960
891809024
891809088
891809152
891809216
891809280
891809344
891809408
891809472
891809536
891809600
891809664
891809728
891809792
891809856
891809920
891809984
891810048
891810112
891810176
891810240
891810304
891810368
891810432
891810496
891810560
891810624
891810688
891810752
891810816
891810880
891810944
891811008
891811072
891811136
891811200
891811264
891811328
891811392
891811456
891811520
891811584
891811648
891811712
891811776
891811840
891811904
891811968
891812032
891812096
891812160
891812224
891812288
891812352
891812416
891812480
891812544
891812608
891812672
891812736
891812800
891812864
891812928
891812992
891813056
891813120
891813184
891813248
891813312
891813376
891813440
891813504
891813568
891813632
891813696
891813760
891813824
891813888
891813952
891814016
891814080
891814144
891814208
891814272
891814336
891814400
891814464
891814528
891814592
891814656
891814720
891814784
891814848
891814912
891814976
891815040
891815104
891815168
891815232
891815296
891815360
891815424
891815488
891815552
891815616
891815680
891815744
891815808
891815872
891815936
891816000
891816064
891816128
891816192
891816256
891816320
891816384
891816448
891816512
891816576
891816640
891816704
891816768
891816832
891816896
891816960
891817024
891817088
891817152
891817216
891817280
891817344
891817408
891817472
891817536
891817600
891817664
891817728
891817792
891817856
891817920
891817984
891818048
891818112
891818176
891818240
891818304
891818368
891818432
891818496
891818560
891818624
891818688
891818752
891818816
891818880
891818944
891819008
891819072
891819136
891819200
891819264
891819328
891819392
891819456
891819520
891819584
891819648
891819712
891819776
891819840
891819904
891819968
891820032
891820096
891820160
891820224
891820288
891820352
891820416
891820480
891820544
891820608
891820672
891820736
891820800
891820864
891820928
891820992
891821056
891821120
891821184
891821248
891821312
891821376
891821440
891821504
891821568
891821632
891821696
891821760
891821824
891821888
891821952
891822016
891822080
891822144
891822208
891822272
891822336
891822400
891822464
891822528
891822592
891822656
891822720
891822784
891822848
891822912
891822976
891823040
891823104
891823168
891823232
891823296
891823360
891823424
891823488
891823552
891823616
891823680
891823744
891823808
891823872
891823936
891824000
891824064
891824128
891824192
891824256
891824320
891824384
891824448
891824512
891824576
891824640
891824704
891824768
891824832
891824896
891824960
891825024
891825088
891825152
891825216
891825280
891825344
891825408
891825472
891825536
891825600
891825664
891825728
891825792
891825856
891825920
891825984
891826048
891826112
891826176
891826240
891826304
891826368
891826432
891826496
891826560
891826624
891826688
891826752
891826816
891826880
891826944
891827008
891827072
891827136
891827200
891827264
891827328
891827392
891827456
891827520
891827584
891827648
891827712
891827776
891827840
891827904
891827968
891828032
891828096
891828160
891828224
891828288
891828352
891828416
891828480
891828544
891828608
891828672
891828736
891828800
891828864
891828928
891828992
891829056
891829120
891829184
891829248
891829312
891829376
891829440
891829504
891829568
891829632
891829696
891829760
891829824
891829888
891829952
891830016
891830080
891830144
891830208
891830272
891830336
891830400
891830464
891830528
891830592
891830656
891830720
891830784
891830848
891830912
891830976
891831040
891831104
891831168
891831232
891831296
891831360
891831424
891831488
891831552
891831616
891831680
891831744
891831808
891831872
891831936
891832000
891832064
891832128
891832192
891832256
891832320
891832384
891832448
891832512
891832576
891832640
891832704
891832768
891832832
891832896
891832960
891833024
891833088
891833152
891833216
891833280
891833344
891833408
891833472
891833536
891833600
891833664
891833728
891833792
891833856
891833920
891833984
891834048
891834112
891834176
891834240
891834304
891834368
891834432
891834496
891834560
891834624
891834688
891834752
891834816
891834880
891834944
891835008
891835072
891835136
891835200
891835264
891835328
891835392
891835456
891835520
891835584
891835648
891835712
891835776
891835840
891835904
891835968
891836032
891836096
891836160
891836224
891836288
891836352
891836416
891836480
891836544
891836608
891836672
891836736
891836800
891836864
891836928
891836992
891837056
891837120
891837184
891837248
891837312
891837376
891837440
891837504
891837568
891837632
891837696
891837760
891837824
891837888
891837952
891838016
891838080
891838144
891838208
891838272
891838336
891838400
891838464
891838528
891838592
891838656
891838720
891838784
891838848
891838912
891838976
891839040
891839104
891839168
891839232
891839296
891839360
891839424
891839488
891839552
891839616
891839680
891839744
891839808
891839872
891839936
891840000
891840064
891840128
891840192
891840256
891840320
891840384
891840448
891840512
891840576
891840640
891840704
891840768
891840832
891840896
891840960
891841024
891841088
891841152
891841216
891841280
891841344
891841408
891841472
891841536
891841600
891841664
891841728
891841792
891841856
891841920
891841984
891842048
891842112
891842176
891842240
891842304
891842368
891842432
891842496
891842560
891842624
891842688
891842752
891842816
891842880
891842944
891843008
891843072
891843136
891843200
891843264
891843328
891843392
891843456
891843520
891843584
891843648
891843712
891843776
891843840
891843904
891843968
891844032
891844096
891844160
891844224
891844288
891844352
891844416
891844480
891844544
891844608
891844672
891844736
891844800
891844864
891844928
891844992
891845056
891845120
891845184
891845248
891845312
891845376
891845440
891845504
891845568
891845632
891845696
891845760
891845824
891845888
891845952
891846016
891846080
891846144
891846208
891846272
891846336
891846400
891846464
891846528
891846592
891846656
891846720
891846784
891846848
891846912
891846976
891847040
891847104
891847168
891847232
891847296
891847360
891847424
891847488
891847552
891847616
891847680
891847744
891847808
891847872
891847936
891848000
891848064
891848128
891848192
891848256
891848320
891848384
891848448
891848512
891848576
891848640
891848704
891848768
891848832
891848896
891848960
891849024
891849088
891849152
891849216
891849280
891849344
891849408
891849472
891849536
891849600
891849664
891849728
891849792
891849856
891849920
891849984
891850048
891850112
891850176
891850240
891850304
891850368
891850432
891850496
891850560
891850624
891850688
891850752
891850816
891850880
891850944
891851008
891851072
891851136
891851200
891851264
891851328
891851392
891851456
891851520
891851584
891851648
891851712
891851776
891851840
891851904
891851968
891852032
891852096
891852160
891852224
891852288
891852352
891852416
891852480
891852544
891852608
891852672
891852736
891852800
891852864
891852928
891852992
891853056
891853120
891853184
891853248
891853312
891853376
891853440
891853504
891853568
891853632
891853696
891853760
891853824
891853888
891853952
891854016
891854080
891854144
891854208
891854272
891854336
891854400
891854464
891854528
891854592
891854656
891854720
891854784
891854848
891854912
891854976
891855040
891855104
891855168
891855232
891855296
891855360
891855424
891855488
891855552
891855616
891855680
891855744
891855808
891855872
891855936
891856000
891856064
891856128
891856192
891856256
891856320
891856384
891856448
891856512
891856576
891856640
891856704
891856768
891856832
891856896
891856960
891857024
891857088
891857152
891857216
891857280
891857344
891857408
891857472
891857536
891857600
891857664
891857728
891857792
891857856
891857920
891857984
891858048
891858112
891858176
891858240
891858304
891858368
891858432
891858496
891858560
891858624
891858688
891858752
891858816
891858880
891858944
891859008
891859072
891859136
891859200
891859264
891859328
891859392
891859456
891859520
891859584
891859648
891859712
891859776
891859840
891859904
891859968
891860032
891860096
891860160
891860224
891860288
891860352
891860416
891860480
891860544
891860608
891860672
891860736
891860800
891860864
891860928
891860992
891861056
891861120
891861184
891861248
891861312
891861376
891861440
891861504
891861568
891861632
891861696
891861760
891861824
891861888
891861952
891862016
891862080
891862144
891862208
891862272
891862336
891862400
891862464
891862528
891862592
891862656
891862720
891862784
891862848
891862912
891862976
891863040
891863104
891863168
891863232
891863296
891863360
891863424
891863488
891863552
891863616
891863680
891863744
891863808
891863872
891863936
891864000
891864064
891864128
891864192
891864256
891864320
891864384
891864448
891864512
891864576
891864640
891864704
891864768
891864832
891864896
891864960
891865024
891865088
891865152
891865216
891865280
891865344
891865408
891865472
891865536
891865600
891865664
891865728
891865792
891865856
891865920
891865984
891866048
891866112
891866176
891866240
891866304
891866368
891866432
891866496
891866560
891866624
891866688
891866752
891866816
891866880
891866944
891867008
891867072
891867136
891867200
891867264
891867328
891867392
891867456
891867520
891867584
891867648
891867712
891867776
891867840
891867904
891867968
891868032
891868096
891868160
891868224
891868288
891868352
891868416
891868480
891868544
891868608
891868672
891868736
891868800
891868864
891868928
891868992
891869056
891869120
891869184
891869248
891869312
891869376
891869440
891869504
891869568
891869632
891869696
891869760
891869824
891869888
891869952
891870016
891870080
891870144
891870208
891870272
891870336
891870400
891870464
891870528
891870592
891870656
891870720
891870784
891870848
891870912
891870976
891871040
891871104
891871168
891871232
891871296
891871360
891871424
891871488
891871552
891871616
891871680
891871744
891871808
891871872
891871936
891872000
891872064
891872128
891872192
891872256
891872320
891872384
891872448
891872512
891872576
891872640
891872704
891872768
891872832
891872896
891872960
891873024
891873088
891873152
891873216
891873280
891873344
891873408
891873472
891873536
891873600
891873664
891873728
891873792
891873856
891873920
891873984
891874048
891874112
891874176
891874240
891874304
891874368
891874432
891874496
891874560
891874624
891874688
891874752
891874816
891874880
891874944
891875008
891875072
891875136
891875200
891875264
891875328
891875392
891875456
891875520
891875584
891875648
891875712
891875776
891875840
891875904
891875968
891876032
891876096
891876160
891876224
891876288
891876352
891876416
891876480
891876544
891876608
891876672
891876736
891876800
891876864
891876928
891876992
891877056
891877120
891877184
891877248
891877312
891877376
891877440
891877504
891877568
891877632
891877696
891877760
891877824
891877888
891877952
891878016
891878080
891878144
891878208
891878272
891878336
891878400
891878464
891878528
891878592
891878656
891878720
891878784
891878848
891878912
891878976
891879040
891879104
891879168
891879232
891879296
891879360
891879424
891879488
891879552
891879616
891879680
891879744
891879808
891879872
891879936
891880000
891880064
891880128
891880192
891880256
891880320
891880384
891880448
891880512
891880576
891880640
891880704
891880768
891880832
891880896
891880960
891881024
891881088
891881152
891881216
891881280
891881344
891881408
891881472
891881536
891881600
891881664
891881728
891881792
891881856
891881920
891881984
891882048
891882112
891882176
891882240
891882304
891882368
891882432
891882496
891882560
891882624
891882688
891882752
891882816
891882880
891882944
891883008
891883072
891883136
891883200
891883264
891883328
891883392
891883456
891883520
891883584
891883648
891883712
891883776
891883840
891883904
891883968
891884032
891884096
891884160
891884224
891884288
891884352
891884416
891884480
891884544
891884608
891884672
891884736
891884800
891884864
891884928
891884992
891885056
891885120
891885184
891885248
891885312
891885376
891885440
891885504
891885568
891885632
891885696
891885760
891885824
891885888
891885952
891886016
891886080
891886144
891886208
891886272
891886336
891886400
891886464
891886528
891886592
891886656
891886720
891886784
891886848
891886912
891886976
891887040
891887104
891887168
891887232
891887296
891887360
891887424
891887488
891887552
891887616
891887680
891887744
891887808
891887872
891887936
891888000
891888064
891888128
891888192
891888256
891888320
891888384
891888448
891888512
891888576
891888640
891888704
891888768
891888832
891888896
891888960
891889024
891889088
891889152
891889216
891889280
891889344
891889408
891889472
891889536
891889600
891889664
891889728
891889792
891889856
891889920
891889984
891890048
891890112
891890176
891890240
891890304
891890368
891890432
891890496
891890560
891890624
891890688
891890752
891890816
891890880
891890944
891891008
891891072
891891136
891891200
891891264
891891328
891891392
891891456
891891520
891891584
891891648
891891712
891891776
891891840
891891904
891891968
891892032
891892096
891892160
891892224
891892288
891892352
891892416
891892480
891892544
891892608
891892672
891892736
891892800
891892864
891892928
891892992
891893056
891893120
891893184
891893248
891893312
891893376
891893440
891893504
891893568
891893632
891893696
891893760
891893824
891893888
891893952
891894016
891894080
891894144
891894208
891894272
891894336
891894400
891894464
891894528
891894592
891894656
891894720
891894784
891894848
891894912
891894976
891895040
891895104
891895168
891895232
891895296
891895360
891895424
891895488
891895552
891895616
891895680
891895744
891895808
891895872
891895936
891896000
891896064
891896128
891896192
891896256
891896320
891896384
891896448
891896512
891896576
891896640
891896704
891896768
891896832
891896896
891896960
891897024
891897088
891897152
891897216
891897280
891897344
891897408
891897472
891897536
891897600
891897664
891897728
891897792
891897856
891897920
891897984
891898048
891898112
891898176
891898240
891898304
891898368
891898432
891898496
891898560
891898624
891898688
891898752
891898816
891898880
891898944
891899008
891899072
891899136
891899200
891899264
891899328
891899392
891899456
891899520
891899584
891899648
891899712
891899776
891899840
891899904
891899968
891900032
891900096
891900160
891900224
891900288
891900352
891900416
891900480
891900544
891900608
891900672
891900736
891900800
891900864
891900928
891900992
891901056
891901120
891901184
891901248
891901312
891901376
891901440
891901504
891901568
891901632
891901696
891901760
891901824
891901888
891901952
891902016
891902080
891902144
891902208
891902272
891902336
891902400
891902464
891902528
891902592
891902656
891902720
891902784
891902848
891902912
891902976
891903040
891903104
891903168
891903232
891903296
891903360
891903424
891903488
891903552
891903616
891903680
891903744
891903808
891903872
891903936
891904000
891904064
891904128
891904192
891904256
891904320
891904384
891904448
891904512
891904576
891904640
891904704
891904768
891904832
891904896
891904960
891905024
891905088
891905152
891905216
891905280
891905344
891905408
891905472
891905536
891905600
891905664
891905728
891905792
891905856
891905920
891905984
891906048
891906112
891906176
891906240
891906304
891906368
891906432
891906496
891906560
891906624
891906688
891906752
891906816
891906880
891906944
891907008
891907072
891907136
891907200
891907264
891907328
891907392
891907456
891907520
891907584
891907648
891907712
891907776
891907840
891907904
891907968
891908032
891908096
891908160
891908224
891908288
891908352
891908416
891908480
891908544
891908608
891908672
891908736
891908800
891908864
891908928
891908992
891909056
891909120
891909184
891909248
891909312
891909376
891909440
891909504
891909568
891909632
891909696
891909760
891909824
891909888
891909952
891910016
891910080
891910144
891910208
891910272
891910336
891910400
891910464
891910528
891910592
891910656
891910720
891910784
891910848
891910912
891910976
891911040
891911104
891911168
891911232
891911296
891911360
891911424
891911488
891911552
891911616
891911680
891911744
891911808
891911872
891911936
891912000
891912064
891912128
891912192
891912256
891912320
891912384
891912448
891912512
891912576
891912640
891912704
891912768
891912832
891912896
891912960
891913024
891913088
891913152
891913216
891913280
891913344
891913408
891913472
891913536
891913600
891913664
891913728
891913792
891913856
891913920
891913984
891914048
891914112
891914176
891914240
891914304
891914368
891914432
891914496
891914560
891914624
891914688
891914752
891914816
891914880
891914944
891915008
891915072
891915136
891915200
891915264
891915328
891915392
891915456
891915520
891915584
891915648
891915712
891915776
891915840
891915904
891915968
891916032
891916096
891916160
891916224
891916288
891916352
891916416
891916480
891916544
891916608
891916672
891916736
891916800
891916864
891916928
891916992
891917056
891917120
891917184
891917248
891917312
891917376
891917440
891917504
891917568
891917632
891917696
891917760
891917824
891917888
891917952
891918016
891918080
891918144
891918208
891918272
891918336
891918400
891918464
891918528
891918592
891918656
891918720
891918784
891918848
891918912
891918976
891919040
891919104
891919168
891919232
891919296
891919360
891919424
891919488
891919552
891919616
891919680
891919744
891919808
891919872
891919936
891920000
891920064
891920128
891920192
891920256
891920320
891920384
891920448
891920512
891920576
891920640
891920704
891920768
891920832
891920896
891920960
891921024
891921088
891921152
891921216
891921280
891921344
891921408
891921472
891921536
891921600
891921664
891921728
891921792
891921856
891921920
891921984
891922048
891922112
891922176
891922240
891922304
891922368
891922432
891922496
891922560
891922624
891922688
891922752
891922816
891922880
891922944
891923008
891923072
891923136
891923200
891923264
891923328
891923392
891923456
891923520
891923584
891923648
891923712
891923776
891923840
891923904
891923968
891924032
891924096
891924160
891924224
891924288
891924352
891924416
891924480
891924544
891924608
891924672
891924736
891924800
891924864
891924928
891924992
891925056
891925120
891925184
891925248
891925312
891925376
891925440
891925504
891925568
891925632
891925696
891925760
891925824
891925888
891925952
891926016
891926080
891926144
891926208
891926272
891926336
891926400
891926464
891926528
891926592
891926656
891926720
891926784
891926848
891926912
891926976
891927040
891927104
891927168
891927232
891927296
891927360
891927424
891927488
891927552
891927616
891927680
891927744
891927808
891927872
891927936
891928000
891928064
891928128
891928192
891928256
891928320
891928384
891928448
891928512
891928576
891928640
891928704
891928768
891928832
891928896
891928960
891929024
891929088
891929152
891929216
891929280
891929344
891929408
891929472
891929536
891929600
891929664
891929728
891929792
891929856
891929920
891929984
891930048
891930112
891930176
891930240
891930304
891930368
891930432
891930496
891930560
891930624
891930688
891930752
891930816
891930880
891930944
891931008
891931072
891931136
891931200
891931264
891931328
891931392
891931456
891931520
891931584
891931648
891931712
891931776
891931840
891931904
891931968
891932032
891932096
891932160
891932224
891932288
891932352
891932416
891932480
891932544
891932608
891932672
891932736
891932800
891932864
891932928
891932992
891933056
891933120
891933184
891933248
891933312
891933376
891933440
891933504
891933568
891933632
891933696
891933760
891933824
891933888
891933952
891934016
891934080
891934144
891934208
891934272
891934336
891934400
891934464
891934528
891934592
891934656
891934720
891934784
891934848
891934912
891934976
891935040
891935104
891935168
891935232
891935296
891935360
891935424
891935488
891935552
891935616
891935680
891935744
891935808
891935872
891935936
891936000
891936064
891936128
891936192
891936256
891936320
891936384
891936448
891936512
891936576
891936640
891936704
891936768
891936832
891936896
891936960
891937024
891937088
891937152
891937216
891937280
891937344
891937408
891937472
891937536
891937600
891937664
891937728
891937792
891937856
891937920
891937984
891938048
891938112
891938176
891938240
891938304
891938368
891938432
891938496
891938560
891938624
891938688
891938752
891938816
891938880
891938944
891939008
891939072
891939136
891939200
891939264
891939328
891939392
891939456
891939520
891939584
891939648
891939712
891939776
891939840
891939904
891939968
891940032
891940096
891940160
891940224
891940288
891940352
891940416
891940480
891940544
891940608
891940672
891940736
891940800
891940864
891940928
891940992
891941056
891941120
891941184
891941248
891941312
891941376
891941440
891941504
891941568
891941632
891941696
891941760
891941824
891941888
891941952
891942016
891942080
891942144
891942208
891942272
891942336
891942400
891942464
891942528
891942592
891942656
891942720
891942784
891942848
891942912
891942976
891943040
891943104
891943168
891943232
891943296
891943360
891943424
891943488
891943552
891943616
891943680
891943744
891943808
891943872
891943936
891944000
891944064
891944128
891944192
891944256
891944320
891944384
891944448
891944512
891944576
891944640
891944704
891944768
891944832
891944896
891944960
891945024
891945088
891945152
891945216
891945280
891945344
891945408
891945472
891945536
891945600
891945664
891945728
891945792
891945856
891945920
891945984
891946048
891946112
891946176
891946240
891946304
891946368
891946432
891946496
891946560
891946624
891946688
891946752
891946816
891946880
891946944
891947008
891947072
891947136
891947200
891947264
891947328
891947392
891947456
891947520
891947584
891947648
891947712
891947776
891947840
891947904
891947968
891948032
891948096
891948160
891948224
891948288
891948352
891948416
891948480
891948544
891948608
891948672
891948736
891948800
891948864
891948928
891948992
891949056
891949120
891949184
891949248
891949312
891949376
891949440
891949504
891949568
891949632
891949696
891949760
891949824
891949888
891949952
891950016
891950080
891950144
891950208
891950272
891950336
891950400
891950464
891950528
891950592
891950656
891950720
891950784
891950848
891950912
891950976
891951040
891951104
891951168
891951232
891951296
891951360
891951424
891951488
891951552
891951616
891951680
891951744
891951808
891951872
891951936
891952000
891952064
891952128
891952192
891952256
891952320
891952384
891952448
891952512
891952576
891952640
891952704
891952768
891952832
891952896
891952960
891953024
891953088
891953152
891953216
891953280
891953344
891953408
891953472
891953536
891953600
891953664
891953728
891953792
891953856
891953920
891953984
891954048
891954112
891954176
891954240
891954304
891954368
891954432
891954496
891954560
891954624
891954688
891954752
891954816
891954880
891954944
891955008
891955072
891955136
891955200
891955264
891955328
891955392
891955456
891955520
891955584
891955648
891955712
891955776
891955840
891955904
891955968
891956032
891956096
891956160
891956224
891956288
891956352
891956416
891956480
891956544
891956608
891956672
891956736
891956800
891956864
891956928
891956992
891957056
891957120
891957184
891957248
891957312
891957376
891957440
891957504
891957568
891957632
891957696
891957760
891957824
891957888
891957952
891958016
891958080
891958144
891958208
891958272
891958336
891958400
891958464
891958528
891958592
891958656
891958720
891958784
891958848
891958912
891958976
891959040
891959104
891959168
891959232
891959296
891959360
891959424
891959488
891959552
891959616
891959680
891959744
891959808
891959872
891959936
891960000
891960064
891960128
891960192
891960256
891960320
891960384
891960448
891960512
891960576
891960640
891960704
891960768
891960832
891960896
891960960
891961024
891961088
891961152
891961216
891961280
891961344
891961408
891961472
891961536
891961600
891961664
891961728
891961792
891961856
891961920
891961984
891962048
891962112
891962176
891962240
891962304
891962368
891962432
891962496
891962560
891962624
891962688
891962752
891962816
891962880
891962944
891963008
891963072
891963136
891963200
891963264
891963328
891963392
891963456
891963520
891963584
891963648
891963712
891963776
891963840
891963904
891963968
891964032
891964096
891964160
891964224
891964288
891964352
891964416
891964480
891964544
891964608
891964672
891964736
891964800
891964864
891964928
891964992
891965056
891965120
891965184
891965248
891965312
891965376
891965440
891965504
891965568
891965632
891965696
891965760
891965824
891965888
891965952
891966016
891966080
891966144
891966208
891966272
891966336
891966400
891966464
891966528
891966592
891966656
891966720
891966784
891966848
891966912
891966976
891967040
891967104
891967168
891967232
891967296
891967360
891967424
891967488
891967552
891967616
891967680
891967744
891967808
891967872
891967936
891968000
891968064
891968128
891968192
891968256
891968320
891968384
891968448
891968512
891968576
891968640
891968704
891968768
891968832
891968896
891968960
891969024
891969088
891969152
891969216
891969280
891969344
891969408
891969472
891969536
891969600
891969664
891969728
891969792
891969856
891969920
891969984
891970048
891970112
891970176
891970240
891970304
891970368
891970432
891970496
891970560
891970624
891970688
891970752
891970816
891970880
891970944
891971008
891971072
891971136
891971200
891971264
891971328
891971392
891971456
891971520
891971584
891971648
891971712
891971776
891971840
891971904
891971968
891972032
891972096
891972160
891972224
891972288
891972352
891972416
891972480
891972544
891972608
891972672
891972736
891972800
891972864
891972928
891972992
891973056
891973120
891973184
891973248
891973312
891973376
891973440
891973504
891973568
891973632
891973696
891973760
891973824
891973888
891973952
891974016
891974080
891974144
157559296
157559360
157559424
157559488
157559552
157559616
157559680
157559744
157559808
157559872
157559936
157560000
157560064
157560128
157560192
157560256
3221159584
128238668
128238840
128238344
128238192
128238468
128239024
128238744
128238452
128238624
128238236
128238552
128238272
3221159616
128238140
128238860
128238912
128239044
3221159680
3221159744
3221159808
3221159872
3221159936
3221160000
3221160064
3221160128
3221160192
3221160256
3221160320
3221160384
3221160448
3221160512
3221160576
3221160640
3221160704
3221160768
3221160832
3221160896
3221160960
3221161024
3221161088
3221161152
3221161216
3221161280
3221161344
3221161408
3221161472
3221161536
3221161600
3221161664
3221161728
3221161792
3221161856
897963691
896471040
896471104
896471168
896471232
896471296
896471360
896471424
896471488
896471552
896471616
896471680
896471744
896471808
896471872
896471936
896472000
896472064
896472128
896472192
896472256
896472320
896472384
896472448
896472512
896472576
896472640
896472704
896472768
896472832
896472896
896472960
896473024
896473088
896473152
896473216
896473280
896473344
896473408
896473472
896473536
896473600
896473664
896473728
896473792
896473856
896473920
896473984
896474048
896474112
896474176
896474240
896474304
896474368
896474432
896474496
896474560
896474624
896474688
896474752
896474816
896474880
896474944
896475008
896475072
128230912
128172998
134513633
897960113
134513588
9667104
9667068
9666996
9666924
9666852
9666780
9666744
9666672
9669476
134541924
