84
0
2
1
0
0
0
0
7
54
27
223
26
33
160
51
331
62
0
0
0
0
2
0
0
3
75
28
265
60
43
137
59
265
65
0
0
0
0
0
0
0
6
49
10
237
82
47
146
46
311
51
0
0
0
0
0
0
0
4
32
18
268
54
52
234
49
237
55
0
1
0
0
0
0
0
1
79
28
265
63
56
150
74
227
65
0
0
0
0
0
2
0
5
92
32
253
63
41
151
47
248
100
0
0
0
0
1
1
0
2
145
25
249
36
47
93
37
263
75
1
0
0
0
1
0
0
1
102
11
292
56
34
101
80
245
88
0
0
0
0
0
0
0
5
85
7
306
57
38
77
67
269
77
0
0
0
0
2
0
0
6
82
10
275
71
48
94
43
291
97
0
0
0
0
1
0
0
1
108
9
258
63
54
78
55
275
65
0
0
0
0
0
0
0
2
79
29
231
82
52
151
65
243
87
0
0
1
0
0
0
0
1
62
45
285
60
46
114
41
257
72
0
1
0
0
0
0
0
0
56
31
251
59
48
156
69
256
77
0
0
0
1
1
0
0
1
83
13
288
54
77
112
66
226
91
0
0
0
0
0
0
0
3
147
18
237
50
36
77
41
233
