84
0
2
1
0
0
0
0
7
53
27
224
26
34
160
51
330
60
0
0
0
1
2
0
0
3
76
28
263
63
43
135
57
268
74
0
0
0
0
0
1
0
6
63
8
242
76
56
120
49
304
55
0
0
0
0
0
0
0
4
31
20
223
53
44
259
47
263
53
0
1
0
0
0
0
0
1
84
24
299
67
66
122
65
217
72
0
0
0
0
1
1
0
0
91
30
253
62
37
169
53
230
99
0
0
0
0
0
0
0
1
103
39
245
80
28
121
101
182
62
0
0
0
3
0
0
0
2
59
33
245
83
37
92
110
273
77
0
0
0
0
0
0
0
0
67
39
280
41
81
149
95
170
87
0
1
0
0
2
0
0
1
84
8
281
69
46
95
69
256
75
0
0
1
0
0
0
0
0
120
14
257
44
35
67
52
234
